nohup: 입력 무시
Watching for file changes with StatReloader
[04/May/2023 10:47:24] "GET /pybo/ HTTP/1.1" 200 7626
[04/May/2023 10:47:27] "GET /pybo/?page=6 HTTP/1.1" 200 8222
[04/May/2023 10:47:28] "GET /pybo/?page=11 HTTP/1.1" 200 8234
[04/May/2023 10:47:29] "GET /pybo/?page=6 HTTP/1.1" 200 8222
[04/May/2023 10:47:30] "GET /pybo/?page=1 HTTP/1.1" 200 7626
[04/May/2023 10:47:32] "GET /pybo/?page=6 HTTP/1.1" 200 8222
[04/May/2023 10:47:34] "GET /pybo/?page=10 HTTP/1.1" 200 8231
[04/May/2023 10:47:35] "GET /pybo/?page=11 HTTP/1.1" 200 8234
[04/May/2023 10:47:35] "GET /pybo/?page=12 HTTP/1.1" 200 8236
[04/May/2023 10:47:36] "GET /pybo/?page=13 HTTP/1.1" 200 8238
[04/May/2023 10:47:37] "GET /pybo/?page=14 HTTP/1.1" 200 8240
[04/May/2023 10:47:37] "GET /pybo/?page=15 HTTP/1.1" 200 8242
[04/May/2023 10:47:37] "GET /pybo/?page=16 HTTP/1.1" 200 8242
[04/May/2023 10:47:37] "GET /pybo/?page=16 HTTP/1.1" 200 8242
[04/May/2023 10:47:38] "GET /pybo/?page=17 HTTP/1.1" 200 8242
[04/May/2023 10:47:38] "GET /pybo/?page=18 HTTP/1.1" 200 8242
[04/May/2023 10:47:38] "GET /pybo/?page=18 HTTP/1.1" 200 8242
[04/May/2023 10:47:39] "GET /pybo/?page=19 HTTP/1.1" 200 8242
Internal Server Error: /pybo/
Traceback (most recent call last):
  File "/workspace/py_django/mysite/lib/python3.10/site-packages/django/template/smartif.py", line 179, in translate_token
    op = OPERATORS[token]
KeyError: '>0'

During handling of the above exception, another exception occurred:

Traceback (most recent call last):
  File "/workspace/py_django/mysite/lib/python3.10/site-packages/django/core/handlers/exception.py", line 55, in inner
    response = get_response(request)
  File "/workspace/py_django/mysite/lib/python3.10/site-packages/django/core/handlers/base.py", line 197, in _get_response
    response = wrapped_callback(request, *callback_args, **callback_kwargs)
  File "/workspace/py_django/projects/mysite/pybo/views.py", line 15, in index
    return render(request, 'pybo/question_list.html', context)
  File "/workspace/py_django/mysite/lib/python3.10/site-packages/django/shortcuts.py", line 24, in render
    content = loader.render_to_string(template_name, context, request, using=using)
  File "/workspace/py_django/mysite/lib/python3.10/site-packages/django/template/loader.py", line 61, in render_to_string
    template = get_template(template_name, using=using)
  File "/workspace/py_django/mysite/lib/python3.10/site-packages/django/template/loader.py", line 15, in get_template
    return engine.get_template(template_name)
  File "/workspace/py_django/mysite/lib/python3.10/site-packages/django/template/backends/django.py", line 34, in get_template
    return Template(self.engine.get_template(template_name), self)
  File "/workspace/py_django/mysite/lib/python3.10/site-packages/django/template/engine.py", line 176, in get_template
    template, origin = self.find_template(template_name)
  File "/workspace/py_django/mysite/lib/python3.10/site-packages/django/template/engine.py", line 158, in find_template
    template = loader.get_template(name, skip=skip)
  File "/workspace/py_django/mysite/lib/python3.10/site-packages/django/template/loaders/base.py", line 28, in get_template
    return Template(
  File "/workspace/py_django/mysite/lib/python3.10/site-packages/django/template/base.py", line 154, in __init__
    self.nodelist = self.compile_nodelist()
  File "/workspace/py_django/mysite/lib/python3.10/site-packages/django/template/base.py", line 200, in compile_nodelist
    return parser.parse()
  File "/workspace/py_django/mysite/lib/python3.10/site-packages/django/template/base.py", line 513, in parse
    raise self.error(token, e)
  File "/workspace/py_django/mysite/lib/python3.10/site-packages/django/template/base.py", line 511, in parse
    compiled_result = compile_func(self, token)
  File "/workspace/py_django/mysite/lib/python3.10/site-packages/django/template/loader_tags.py", line 293, in do_extends
    nodelist = parser.parse()
  File "/workspace/py_django/mysite/lib/python3.10/site-packages/django/template/base.py", line 513, in parse
    raise self.error(token, e)
  File "/workspace/py_django/mysite/lib/python3.10/site-packages/django/template/base.py", line 511, in parse
    compiled_result = compile_func(self, token)
  File "/workspace/py_django/mysite/lib/python3.10/site-packages/django/template/loader_tags.py", line 232, in do_block
    nodelist = parser.parse(("endblock",))
  File "/workspace/py_django/mysite/lib/python3.10/site-packages/django/template/base.py", line 513, in parse
    raise self.error(token, e)
  File "/workspace/py_django/mysite/lib/python3.10/site-packages/django/template/base.py", line 511, in parse
    compiled_result = compile_func(self, token)
  File "/workspace/py_django/mysite/lib/python3.10/site-packages/django/template/defaulttags.py", line 954, in do_if
    nodelist = parser.parse(("elif", "else", "endif"))
  File "/workspace/py_django/mysite/lib/python3.10/site-packages/django/template/base.py", line 513, in parse
    raise self.error(token, e)
  File "/workspace/py_django/mysite/lib/python3.10/site-packages/django/template/base.py", line 511, in parse
    compiled_result = compile_func(self, token)
  File "/workspace/py_django/mysite/lib/python3.10/site-packages/django/template/defaulttags.py", line 854, in do_for
    nodelist_loop = parser.parse(
  File "/workspace/py_django/mysite/lib/python3.10/site-packages/django/template/base.py", line 513, in parse
    raise self.error(token, e)
  File "/workspace/py_django/mysite/lib/python3.10/site-packages/django/template/base.py", line 511, in parse
    compiled_result = compile_func(self, token)
  File "/workspace/py_django/mysite/lib/python3.10/site-packages/django/template/defaulttags.py", line 953, in do_if
    condition = TemplateIfParser(parser, bits).parse()
  File "/workspace/py_django/mysite/lib/python3.10/site-packages/django/template/defaulttags.py", line 886, in __init__
    super().__init__(*args, **kwargs)
  File "/workspace/py_django/mysite/lib/python3.10/site-packages/django/template/smartif.py", line 170, in __init__
    mapped_tokens.append(self.translate_token(token))
  File "/workspace/py_django/mysite/lib/python3.10/site-packages/django/template/smartif.py", line 181, in translate_token
    return self.create_var(token)
  File "/workspace/py_django/mysite/lib/python3.10/site-packages/django/template/defaulttags.py", line 889, in create_var
    return TemplateLiteral(self.template_parser.compile_filter(value), value)
  File "/workspace/py_django/mysite/lib/python3.10/site-packages/django/template/base.py", line 600, in compile_filter
    return FilterExpression(token, self)
  File "/workspace/py_django/mysite/lib/python3.10/site-packages/django/template/base.py", line 701, in __init__
    raise TemplateSyntaxError(
django.template.exceptions.TemplateSyntaxError: Could not parse the remainder: '>0' from '>0'
[04/May/2023 11:00:55] "GET /pybo/?page=18 HTTP/1.1" 500 280805
[04/May/2023 11:01:11] "GET /pybo/?page=18 HTTP/1.1" 200 8782
[04/May/2023 11:01:41] "GET /pybo/?page=17 HTTP/1.1" 200 8782
[04/May/2023 11:01:42] "GET /pybo/?page=16 HTTP/1.1" 200 8782
[04/May/2023 11:01:43] "GET /pybo/?page=17 HTTP/1.1" 200 8782
[04/May/2023 11:01:43] "GET /pybo/?page=18 HTTP/1.1" 200 8782
[04/May/2023 11:01:44] "GET /pybo/?page=23 HTTP/1.1" 200 8762
[04/May/2023 11:01:44] "GET /pybo/?page=28 HTTP/1.1" 200 8446
[04/May/2023 11:01:45] "GET /pybo/?page=29 HTTP/1.1" 200 8288
[04/May/2023 11:01:46] "GET /pybo/?page=31 HTTP/1.1" 200 4872
[04/May/2023 11:01:47] "GET /pybo/1/ HTTP/1.1" 200 3888
[04/May/2023 11:02:00] "GET /admin HTTP/1.1" 301 0
[04/May/2023 11:02:00] "GET /admin/ HTTP/1.1" 302 0
[04/May/2023 11:02:00] "GET /admin/login/?next=/admin/ HTTP/1.1" 200 2235
[04/May/2023 11:02:00] "GET /static/admin/css/base.css HTTP/1.1" 200 19513
[04/May/2023 11:02:00] "GET /static/admin/css/login.css HTTP/1.1" 200 954
[04/May/2023 11:02:00] "GET /static/admin/js/nav_sidebar.js HTTP/1.1" 200 3401
[04/May/2023 11:02:00] "GET /static/admin/css/nav_sidebar.css HTTP/1.1" 200 2616
[04/May/2023 11:02:00] "GET /static/admin/css/fonts.css HTTP/1.1" 200 423
[04/May/2023 11:02:00] "GET /static/admin/css/responsive.css HTTP/1.1" 200 18575
[04/May/2023 11:02:00] "GET /static/admin/fonts/Roboto-Light-webfont.woff HTTP/1.1" 200 85692
[04/May/2023 11:02:00] "GET /static/admin/fonts/Roboto-Regular-webfont.woff HTTP/1.1" 200 85876
[04/May/2023 11:02:11] "POST /admin/login/?next=/admin/ HTTP/1.1" 200 2407
[04/May/2023 11:02:13] "GET /static/admin/fonts/Roboto-Bold-webfont.woff HTTP/1.1" 200 86184
[04/May/2023 11:02:24] "POST /admin/login/?next=/admin/ HTTP/1.1" 200 2407
[04/May/2023 11:02:35] "POST /admin/login/?next=/admin/ HTTP/1.1" 200 2407
[04/May/2023 11:02:38] "POST /admin/login/?next=/admin/ HTTP/1.1" 200 2407
[04/May/2023 11:02:55] "POST /admin/login/?next=/admin/ HTTP/1.1" 302 0
[04/May/2023 11:02:55] "GET /admin/ HTTP/1.1" 200 5358
[04/May/2023 11:02:55] "GET /static/admin/css/dashboard.css HTTP/1.1" 200 380
[04/May/2023 11:02:55] "GET /static/admin/img/icon-changelink.svg HTTP/1.1" 200 380
[04/May/2023 11:02:55] "GET /static/admin/img/icon-addlink.svg HTTP/1.1" 200 331
[04/May/2023 11:03:01] "GET /admin/pybo/question/ HTTP/1.1" 200 31029
[04/May/2023 11:03:01] "GET /static/admin/js/jquery.init.js HTTP/1.1" 200 347
[04/May/2023 11:03:02] "GET /static/admin/js/admin/RelatedObjectLookups.js HTTP/1.1" 200 5984
[04/May/2023 11:03:02] "GET /static/admin/js/vendor/jquery/jquery.js HTTP/1.1" 200 288580
[04/May/2023 11:03:02] "GET /static/admin/css/changelists.css HTTP/1.1" 200 6932
[04/May/2023 11:03:02] "GET /admin/jsi18n/ HTTP/1.1" 200 8911
[04/May/2023 11:03:02] "GET /static/admin/js/core.js HTTP/1.1" 200 5698
[04/May/2023 11:03:02] "GET /static/admin/js/prepopulate.js HTTP/1.1" 200 1531
[04/May/2023 11:03:02] "GET /static/admin/js/actions.js HTTP/1.1" 200 7872
[04/May/2023 11:03:03] "GET /static/admin/js/urlify.js HTTP/1.1" 200 7902
[04/May/2023 11:03:03] "GET /static/admin/js/vendor/xregexp/xregexp.js HTTP/1.1" 200 232381
[04/May/2023 11:03:04] "GET /static/admin/img/search.svg HTTP/1.1" 200 458
[04/May/2023 11:03:04] "GET /static/admin/img/tooltag-add.svg HTTP/1.1" 200 331
[04/May/2023 11:03:14] "GET /admin/pybo/question/?q=%ED%85%8C%EC%8A%A4%ED%8A%B8+%EB%8D%B0%EC%9D%B4%ED%84%B0%EC%9E%85%EB%8B%88%EB%8B%A4 HTTP/1.1" 200 47765
[04/May/2023 11:03:15] "GET /admin/jsi18n/ HTTP/1.1" 200 8911
[04/May/2023 11:03:28] "POST /admin/pybo/question/?q=%ED%85%8C%EC%8A%A4%ED%8A%B8+%EB%8D%B0%EC%9D%B4%ED%84%B0%EC%9E%85%EB%8B%88%EB%8B%A4 HTTP/1.1" 200 22280
[04/May/2023 11:03:29] "GET /static/admin/js/cancel.js HTTP/1.1" 200 884
[04/May/2023 11:03:35] "POST /admin/pybo/question/?q=%ED%85%8C%EC%8A%A4%ED%8A%B8+%EB%8D%B0%EC%9D%B4%ED%84%B0%EC%9E%85%EB%8B%88%EB%8B%A4 HTTP/1.1" 302 0
[04/May/2023 11:03:36] "GET /admin/pybo/question/?q=%ED%85%8C%EC%8A%A4%ED%8A%B8+%EB%8D%B0%EC%9D%B4%ED%84%B0%EC%9E%85%EB%8B%88%EB%8B%A4 HTTP/1.1" 200 47959
[04/May/2023 11:03:36] "GET /admin/jsi18n/ HTTP/1.1" 200 8911
[04/May/2023 11:03:36] "GET /static/admin/img/icon-yes.svg HTTP/1.1" 200 436
[04/May/2023 11:03:55] "GET /pybo/ HTTP/1.1" 200 7836
[04/May/2023 11:03:56] "GET /pybo/?page=2 HTTP/1.1" 200 7954
[04/May/2023 11:03:57] "GET /pybo/?page=4 HTTP/1.1" 200 8266
[04/May/2023 11:04:01] "GET /pybo/?page=5 HTTP/1.1" 200 8424
[04/May/2023 11:04:05] "GET /pybo/?page=6 HTTP/1.1" 200 8582
[04/May/2023 11:04:06] "GET /pybo/?page=8 HTTP/1.1" 200 8586
[04/May/2023 11:04:09] "GET /pybo/?page=10 HTTP/1.1" 200 8591
[04/May/2023 11:04:14] "GET /pybo/?page=15 HTTP/1.1" 200 8582
[04/May/2023 11:04:16] "GET /pybo/?page=20 HTTP/1.1" 200 7936
[04/May/2023 11:04:17] "GET /pybo/?page=21 HTTP/1.1" 200 4692
[04/May/2023 12:19:35] "GET /static/style.css HTTP/1.1" 304 0
[04/May/2023 12:19:36] "GET /static/bootstrap.min.js HTTP/1.1" 304 0
[04/May/2023 12:19:36] "GET /static/bootstrap.min.css HTTP/1.1" 304 0
Not Found: /favicon.ico
[04/May/2023 12:19:36] "GET /favicon.ico HTTP/1.1" 404 2224
/workspace/py_django/projects/mysite/config/settings.py changed, reloading.
Performing system checks...

System check identified no issues (0 silenced).
May 04, 2023 - 10:47:22
Django version 4.0.3, using settings 'config.settings'
Starting development server at http://0:8000/
Quit the server with CONTROL-C.
Watching for file changes with StatReloader
/workspace/py_django/projects/mysite/config/settings.py changed, reloading.
Performing system checks...

System check identified no issues (0 silenced).
May 04, 2023 - 14:45:01
Django version 4.0.3, using settings 'config.settings'
Starting development server at http://0:8000/
Quit the server with CONTROL-C.
Watching for file changes with StatReloader
